 
 
 ==================08/10/2019 07:14:02 (DEBUG) START================== 
 
Array
(
    [path] => https://buffercode.com/api/v2/plugin/update/5AVsd32443343999/dashboard.test/frontend-dashboard-payment-pro.zip
)
 
 
 ==================08/10/2019 07:14:02 (DEBUG) END================== 
 
 
 
 
 ==================08/10/2019 07:14:02 (DEBUG) START================== 
 
Array
(
    [$request] => Array
        (
            [headers] => Requests_Utility_CaseInsensitiveDictionary Object
                (
                    [data:protected] => Array
                        (
                            [date] => Tue, 08 Oct 2019 07:14:02 GMT
                            [content-type] => text/html; charset=UTF-8
                            [set-cookie] => __cfduid=de3ae5777711bdbbfbd4030afc501f9401570518842; expires=Wed, 07-Oct-20 07:14:02 GMT; path=/; domain=.buffercode.com; HttpOnly
                            [vary] => Accept-Encoding
                            [cache-control] => no-cache, private
                            [x-ratelimit-limit] => 60
                            [x-ratelimit-remaining] => 59
                            [strict-transport-security] => max-age=63072000; includeSubdomains
                            [x-frame-options] => SAMEORIGIN
                            [x-content-type-options] => nosniff
                            [cf-cache-status] => DYNAMIC
                            [expect-ct] => max-age=604800, report-uri="https://report-uri.cloudflare.com/cdn-cgi/beacon/expect-ct"
                            [server] => cloudflare
                            [cf-ray] => 522650cd6e3ccbe0-SIN
                            [content-encoding] => gzip
                        )

                )

            [body] => O:8:"stdClass":7:{s:4:"slug";s:30:"frontend-dashboard-payment-pro";s:4:"name";s:30:"Frontend Dashboard Payment Pro";s:11:"plugin_name";s:34:"frontend-dashboard-payment-pro.zip";s:11:"new_version";s:3:"1.0";s:3:"url";s:60:"https://buffercode.com/plugin/frontend-dashboard-payment-pro";s:6:"tested";s:5:"5.2.2";s:7:"package";s:112:"https://buffercode.com/api/v2/plugin/download/5AVsd32443343999/dashboard.test/frontend-dashboard-payment-pro.zip";}
            [response] => Array
                (
                    [code] => 200
                    [message] => OK
                )

            [cookies] => Array
                (
                    [0] => WP_Http_Cookie Object
                        (
                            [name] => __cfduid
                            [value] => de3ae5777711bdbbfbd4030afc501f9401570518842
                            [expires] => 1602054842
                            [path] => /
                            [domain] => buffercode.com
                            [host_only] => 
                        )

                )

            [filename] => 
            [http_response] => WP_HTTP_Requests_Response Object
                (
                    [response:protected] => Requests_Response Object
                        (
                            [body] => O:8:"stdClass":7:{s:4:"slug";s:30:"frontend-dashboard-payment-pro";s:4:"name";s:30:"Frontend Dashboard Payment Pro";s:11:"plugin_name";s:34:"frontend-dashboard-payment-pro.zip";s:11:"new_version";s:3:"1.0";s:3:"url";s:60:"https://buffercode.com/plugin/frontend-dashboard-payment-pro";s:6:"tested";s:5:"5.2.2";s:7:"package";s:112:"https://buffercode.com/api/v2/plugin/download/5AVsd32443343999/dashboard.test/frontend-dashboard-payment-pro.zip";}
                            [raw] => HTTP/1.1 200 OK
Date: Tue, 08 Oct 2019 07:14:02 GMT
Content-Type: text/html; charset=UTF-8
Transfer-Encoding: chunked
Connection: close
Set-Cookie: __cfduid=de3ae5777711bdbbfbd4030afc501f9401570518842; expires=Wed, 07-Oct-20 07:14:02 GMT; path=/; domain=.buffercode.com; HttpOnly
Vary: Accept-Encoding
Cache-Control: no-cache, private
X-RateLimit-Limit: 60
X-RateLimit-Remaining: 59
Strict-Transport-Security: max-age=63072000; includeSubdomains
X-Frame-Options: SAMEORIGIN
X-Content-Type-Options: nosniff
CF-Cache-Status: DYNAMIC
Expect-CT: max-age=604800, report-uri="https://report-uri.cloudflare.com/cdn-cgi/beacon/expect-ct"
Server: cloudflare
CF-RAY: 522650cd6e3ccbe0-SIN
Content-Encoding: gzip

O:8:"stdClass":7:{s:4:"slug";s:30:"frontend-dashboard-payment-pro";s:4:"name";s:30:"Frontend Dashboard Payment Pro";s:11:"plugin_name";s:34:"frontend-dashboard-payment-pro.zip";s:11:"new_version";s:3:"1.0";s:3:"url";s:60:"https://buffercode.com/plugin/frontend-dashboard-payment-pro";s:6:"tested";s:5:"5.2.2";s:7:"package";s:112:"https://buffercode.com/api/v2/plugin/download/5AVsd32443343999/dashboard.test/frontend-dashboard-payment-pro.zip";}
                            [headers] => Requests_Response_Headers Object
                                (
                                    [data:protected] => Array
                                        (
                                            [date] => Array
                                                (
                                                    [0] => Tue, 08 Oct 2019 07:14:02 GMT
                                                )

                                            [content-type] => Array
                                                (
                                                    [0] => text/html; charset=UTF-8
                                                )

                                            [set-cookie] => Array
                                                (
                                                    [0] => __cfduid=de3ae5777711bdbbfbd4030afc501f9401570518842; expires=Wed, 07-Oct-20 07:14:02 GMT; path=/; domain=.buffercode.com; HttpOnly
                                                )

                                            [vary] => Array
                                                (
                                                    [0] => Accept-Encoding
                                                )

                                            [cache-control] => Array
                                                (
                                                    [0] => no-cache, private
                                                )

                                            [x-ratelimit-limit] => Array
                                                (
                                                    [0] => 60
                                                )

                                            [x-ratelimit-remaining] => Array
                                                (
                                                    [0] => 59
                                                )

                                            [strict-transport-security] => Array
                                                (
                                                    [0] => max-age=63072000; includeSubdomains
                                                )

                                            [x-frame-options] => Array
                                                (
                                                    [0] => SAMEORIGIN
                                                )

                                            [x-content-type-options] => Array
                                                (
                                                    [0] => nosniff
                                                )

                                            [cf-cache-status] => Array
                                                (
                                                    [0] => DYNAMIC
                                                )

                                            [expect-ct] => Array
                                                (
                                                    [0] => max-age=604800, report-uri="https://report-uri.cloudflare.com/cdn-cgi/beacon/expect-ct"
                                                )

                                            [server] => Array
                                                (
                                                    [0] => cloudflare
                                                )

                                            [cf-ray] => Array
                                                (
                                                    [0] => 522650cd6e3ccbe0-SIN
                                                )

                                            [content-encoding] => Array
                                                (
                                                    [0] => gzip
                                                )

                                        )

                                )

                            [status_code] => 200
                            [protocol_version] => 1.1
                            [success] => 1
                            [redirects] => 0
                            [url] => https://buffercode.com/api/v2/plugin/update/5AVsd32443343999/dashboard.test/frontend-dashboard-payment-pro.zip
                            [history] => Array
                                (
                                )

                            [cookies] => Requests_Cookie_Jar Object
                                (
                                    [cookies:protected] => Array
                                        (
                                            [__cfduid] => Requests_Cookie Object
                                                (
                                                    [name] => __cfduid
                                                    [value] => de3ae5777711bdbbfbd4030afc501f9401570518842
                                                    [attributes] => Requests_Utility_CaseInsensitiveDictionary Object
                                                        (
                                                            [data:protected] => Array
                                                                (
                                                                    [expires] => 1602054842
                                                                    [path] => /
                                                                    [domain] => buffercode.com
                                                                    [httponly] => 1
                                                                )

                                                        )

                                                    [flags] => Array
                                                        (
                                                            [creation] => 1570518842
                                                            [last-access] => 1570518842
                                                            [persistent] => 
                                                            [host-only] => 
                                                        )

                                                    [reference_time] => 1570518842
                                                )

                                        )

                                )

                        )

                    [filename:protected] => 
                    [data] => 
                    [headers] => 
                    [status] => 
                )

        )

)
 
 
 ==================08/10/2019 07:14:02 (DEBUG) END================== 
 
 
 
 
 ==================08/10/2019 07:14:02 (DEBUG) START================== 
 
Array
(
    [$body] => stdClass Object
        (
            [slug] => frontend-dashboard-payment-pro
            [name] => Frontend Dashboard Payment Pro
            [plugin_name] => frontend-dashboard-payment-pro.zip
            [new_version] => 1.0
            [url] => https://buffercode.com/plugin/frontend-dashboard-payment-pro
            [tested] => 5.2.2
            [package] => https://buffercode.com/api/v2/plugin/download/5AVsd32443343999/dashboard.test/frontend-dashboard-payment-pro.zip
        )

)
 
 
 ==================08/10/2019 07:14:02 (DEBUG) END================== 
 
 
 
 
 ==================08/10/2019 07:14:02 (DEBUG) START================== 
 
Array
(
    [remote version] => stdClass Object
        (
            [slug] => frontend-dashboard-payment-pro
            [name] => Frontend Dashboard Payment Pro
            [plugin_name] => frontend-dashboard-payment-pro.zip
            [new_version] => 1.0
            [url] => https://buffercode.com/plugin/frontend-dashboard-payment-pro
            [tested] => 5.2.2
            [package] => https://buffercode.com/api/v2/plugin/download/5AVsd32443343999/dashboard.test/frontend-dashboard-payment-pro.zip
        )

)
 
 
 ==================08/10/2019 07:14:02 (DEBUG) END================== 
 
 
 
 
 ==================08/10/2019 07:23:45 (DEBUG) START================== 
 
Array
(
    [path] => https://buffercode.com/api/v2/plugin/update/5AVsd32443343999/dashboard.test/frontend-dashboard-payment-pro.zip
)
 
 
 ==================08/10/2019 07:23:45 (DEBUG) END================== 
 
 
 
 
 ==================08/10/2019 07:23:46 (DEBUG) START================== 
 
Array
(
    [$request] => Array
        (
            [headers] => Requests_Utility_CaseInsensitiveDictionary Object
                (
                    [data:protected] => Array
                        (
                            [date] => Tue, 08 Oct 2019 07:23:46 GMT
                            [content-type] => text/html; charset=UTF-8
                            [set-cookie] => __cfduid=d0b3fd212b98f1aa555a3743aa5fd701b1570519426; expires=Wed, 07-Oct-20 07:23:46 GMT; path=/; domain=.buffercode.com; HttpOnly
                            [vary] => Accept-Encoding
                            [cache-control] => no-cache, private
                            [x-ratelimit-limit] => 60
                            [x-ratelimit-remaining] => 59
                            [strict-transport-security] => max-age=63072000; includeSubdomains
                            [x-frame-options] => SAMEORIGIN
                            [x-content-type-options] => nosniff
                            [cf-cache-status] => DYNAMIC
                            [expect-ct] => max-age=604800, report-uri="https://report-uri.cloudflare.com/cdn-cgi/beacon/expect-ct"
                            [server] => cloudflare
                            [cf-ray] => 52265f0cc9d3dd3e-SIN
                            [content-encoding] => gzip
                        )

                )

            [body] => O:8:"stdClass":7:{s:4:"slug";s:30:"frontend-dashboard-payment-pro";s:4:"name";s:30:"Frontend Dashboard Payment Pro";s:11:"plugin_name";s:34:"frontend-dashboard-payment-pro.zip";s:11:"new_version";s:3:"1.0";s:3:"url";s:60:"https://buffercode.com/plugin/frontend-dashboard-payment-pro";s:6:"tested";s:5:"5.2.2";s:7:"package";s:112:"https://buffercode.com/api/v2/plugin/download/5AVsd32443343999/dashboard.test/frontend-dashboard-payment-pro.zip";}
            [response] => Array
                (
                    [code] => 200
                    [message] => OK
                )

            [cookies] => Array
                (
                    [0] => WP_Http_Cookie Object
                        (
                            [name] => __cfduid
                            [value] => d0b3fd212b98f1aa555a3743aa5fd701b1570519426
                            [expires] => 1602055426
                            [path] => /
                            [domain] => buffercode.com
                            [host_only] => 
                        )

                )

            [filename] => 
            [http_response] => WP_HTTP_Requests_Response Object
                (
                    [response:protected] => Requests_Response Object
                        (
                            [body] => O:8:"stdClass":7:{s:4:"slug";s:30:"frontend-dashboard-payment-pro";s:4:"name";s:30:"Frontend Dashboard Payment Pro";s:11:"plugin_name";s:34:"frontend-dashboard-payment-pro.zip";s:11:"new_version";s:3:"1.0";s:3:"url";s:60:"https://buffercode.com/plugin/frontend-dashboard-payment-pro";s:6:"tested";s:5:"5.2.2";s:7:"package";s:112:"https://buffercode.com/api/v2/plugin/download/5AVsd32443343999/dashboard.test/frontend-dashboard-payment-pro.zip";}
                            [raw] => HTTP/1.1 200 OK
Date: Tue, 08 Oct 2019 07:23:46 GMT
Content-Type: text/html; charset=UTF-8
Transfer-Encoding: chunked
Connection: close
Set-Cookie: __cfduid=d0b3fd212b98f1aa555a3743aa5fd701b1570519426; expires=Wed, 07-Oct-20 07:23:46 GMT; path=/; domain=.buffercode.com; HttpOnly
Vary: Accept-Encoding
Cache-Control: no-cache, private
X-RateLimit-Limit: 60
X-RateLimit-Remaining: 59
Strict-Transport-Security: max-age=63072000; includeSubdomains
X-Frame-Options: SAMEORIGIN
X-Content-Type-Options: nosniff
CF-Cache-Status: DYNAMIC
Expect-CT: max-age=604800, report-uri="https://report-uri.cloudflare.com/cdn-cgi/beacon/expect-ct"
Server: cloudflare
CF-RAY: 52265f0cc9d3dd3e-SIN
Content-Encoding: gzip

O:8:"stdClass":7:{s:4:"slug";s:30:"frontend-dashboard-payment-pro";s:4:"name";s:30:"Frontend Dashboard Payment Pro";s:11:"plugin_name";s:34:"frontend-dashboard-payment-pro.zip";s:11:"new_version";s:3:"1.0";s:3:"url";s:60:"https://buffercode.com/plugin/frontend-dashboard-payment-pro";s:6:"tested";s:5:"5.2.2";s:7:"package";s:112:"https://buffercode.com/api/v2/plugin/download/5AVsd32443343999/dashboard.test/frontend-dashboard-payment-pro.zip";}
                            [headers] => Requests_Response_Headers Object
                                (
                                    [data:protected] => Array
                                        (
                                            [date] => Array
                                                (
                                                    [0] => Tue, 08 Oct 2019 07:23:46 GMT
                                                )

                                            [content-type] => Array
                                                (
                                                    [0] => text/html; charset=UTF-8
                                                )

                                            [set-cookie] => Array
                                                (
                                                    [0] => __cfduid=d0b3fd212b98f1aa555a3743aa5fd701b1570519426; expires=Wed, 07-Oct-20 07:23:46 GMT; path=/; domain=.buffercode.com; HttpOnly
                                                )

                                            [vary] => Array
                                                (
                                                    [0] => Accept-Encoding
                                                )

                                            [cache-control] => Array
                                                (
                                                    [0] => no-cache, private
                                                )

                                            [x-ratelimit-limit] => Array
                                                (
                                                    [0] => 60
                                                )

                                            [x-ratelimit-remaining] => Array
                                                (
                                                    [0] => 59
                                                )

                                            [strict-transport-security] => Array
                                                (
                                                    [0] => max-age=63072000; includeSubdomains
                                                )

                                            [x-frame-options] => Array
                                                (
                                                    [0] => SAMEORIGIN
                                                )

                                            [x-content-type-options] => Array
                                                (
                                                    [0] => nosniff
                                                )

                                            [cf-cache-status] => Array
                                                (
                                                    [0] => DYNAMIC
                                                )

                                            [expect-ct] => Array
                                                (
                                                    [0] => max-age=604800, report-uri="https://report-uri.cloudflare.com/cdn-cgi/beacon/expect-ct"
                                                )

                                            [server] => Array
                                                (
                                                    [0] => cloudflare
                                                )

                                            [cf-ray] => Array
                                                (
                                                    [0] => 52265f0cc9d3dd3e-SIN
                                                )

                                            [content-encoding] => Array
                                                (
                                                    [0] => gzip
                                                )

                                        )

                                )

                            [status_code] => 200
                            [protocol_version] => 1.1
                            [success] => 1
                            [redirects] => 0
                            [url] => https://buffercode.com/api/v2/plugin/update/5AVsd32443343999/dashboard.test/frontend-dashboard-payment-pro.zip
                            [history] => Array
                                (
                                )

                            [cookies] => Requests_Cookie_Jar Object
                                (
                                    [cookies:protected] => Array
                                        (
                                            [__cfduid] => Requests_Cookie Object
                                                (
                                                    [name] => __cfduid
                                                    [value] => d0b3fd212b98f1aa555a3743aa5fd701b1570519426
                                                    [attributes] => Requests_Utility_CaseInsensitiveDictionary Object
                                                        (
                                                            [data:protected] => Array
                                                                (
                                                                    [expires] => 1602055426
                                                                    [path] => /
                                                                    [domain] => buffercode.com
                                                                    [httponly] => 1
                                                                )

                                                        )

                                                    [flags] => Array
                                                        (
                                                            [creation] => 1570519426
                                                            [last-access] => 1570519426
                                                            [persistent] => 
                                                            [host-only] => 
                                                        )

                                                    [reference_time] => 1570519426
                                                )

                                        )

                                )

                        )

                    [filename:protected] => 
                    [data] => 
                    [headers] => 
                    [status] => 
                )

        )

)
 
 
 ==================08/10/2019 07:23:46 (DEBUG) END================== 
 
 
 
 
 ==================08/10/2019 07:23:46 (DEBUG) START================== 
 
Array
(
    [$body] => stdClass Object
        (
            [slug] => frontend-dashboard-payment-pro
            [name] => Frontend Dashboard Payment Pro
            [plugin_name] => frontend-dashboard-payment-pro.zip
            [new_version] => 1.0
            [url] => https://buffercode.com/plugin/frontend-dashboard-payment-pro
            [tested] => 5.2.2
            [package] => https://buffercode.com/api/v2/plugin/download/5AVsd32443343999/dashboard.test/frontend-dashboard-payment-pro.zip
        )

)
 
 
 ==================08/10/2019 07:23:46 (DEBUG) END================== 
 
 
 
 
 ==================08/10/2019 07:23:46 (DEBUG) START================== 
 
Array
(
    [remote version] => stdClass Object
        (
            [slug] => frontend-dashboard-payment-pro
            [name] => Frontend Dashboard Payment Pro
            [plugin_name] => frontend-dashboard-payment-pro.zip
            [new_version] => 1.0
            [url] => https://buffercode.com/plugin/frontend-dashboard-payment-pro
            [tested] => 5.2.2
            [package] => https://buffercode.com/api/v2/plugin/download/5AVsd32443343999/dashboard.test/frontend-dashboard-payment-pro.zip
        )

)
 
 
 ==================08/10/2019 07:23:46 (DEBUG) END================== 
 
 
